<?xml version="1.0" encoding="UTF-8"?>
<!-- Generated by org.testng.reporters.JUnitReportReporter -->
<testsuite hostname="soniyavishnu" failures="0" tests="1" name="com.actitime.testscript.CreateModule" time="49.090" errors="0" timestamp="2023-07-24T11:50:50 IST" skipped="0">
  <testcase classname="com.actitime.testscript.CreateModule" name="testCreateCustomer" time="49.090">
    <system-out>
      <![CDATA[CreateCustomer]]>
    </system-out>
  </testcase> <!-- testCreateCustomer -->
  <system-out>
    <![CDATA[openBrowser
closeBrowser
CreateCustomer
closeBrowser
closeBrowser]]>
  </system-out>
</testsuite> <!-- com.actitime.testscript.CreateModule -->
